\BOOKMARK [0][-]{chapter.1}{\376\377\176\352\213\272}{}% 1
\BOOKMARK [1][-]{section.1.1}{\376\377\127\372\147\054\151\202\137\365}{chapter.1}% 2
\BOOKMARK [1][-]{section.1.2}{\376\377\121\170\127\213\145\271\172\013\166\204\133\374\121\372\000*}{chapter.1}% 3
\BOOKMARK [1][-]{section.1.3}{\376\377\133\232\211\343\147\141\116\366\116\016\133\232\211\343\225\356\230\230\000*}{chapter.1}% 4
\BOOKMARK [1][-]{section.1.4}{\376\377\133\232\211\343\225\356\230\230\166\204\220\002\133\232\140\047}{chapter.1}% 5
\BOOKMARK [1][-]{section.1.5}{\376\377\176\277\140\047\123\340\122\240\123\237\164\006}{chapter.1}% 6
\BOOKMARK [0][-]{chapter.2}{\376\377\116\214\226\066\176\277\140\047\120\117\137\256\122\006\145\271\172\013\166\204\122\006\174\173\116\016\123\026\173\200}{}% 7
\BOOKMARK [1][-]{section.2.1}{\376\377\116\044\116\052\201\352\123\330\221\317\166\204\145\271\172\013\166\204\122\006\174\173\116\016\123\026\173\200}{chapter.2}% 8
\BOOKMARK [0][-]{chapter.3}{\376\377\154\342\122\250\145\271\172\013\166\204\122\035\120\074\225\356\230\230\116\016\210\114\154\342\154\325}{}% 9
\BOOKMARK [1][-]{section.3.1}{\376\377\116\000\176\364\154\342\122\250\145\271\172\013\166\204\122\035\120\074\225\356\230\230}{chapter.3}% 10
\BOOKMARK [1][-]{section.3.2}{\376\377\116\011\176\364\154\342\122\250\145\271\172\013\166\204\122\035\120\074\225\356\230\230\000-\164\003\227\142\136\163\127\107\120\074\145\271\154\325\000*}{chapter.3}% 11
\BOOKMARK [0][-]{chapter.4}{\376\377\122\006\171\273\123\330\221\317\154\325}{}% 12
\BOOKMARK [1][-]{section.4.1}{\376\377\230\204\131\007\167\345\213\306}{chapter.4}% 13
\BOOKMARK [1][-]{section.4.2}{\376\377\154\342\122\250\145\271\172\013\122\035\217\271\120\074\225\356\230\230\122\006\171\273\123\330\221\317\154\325\154\102\211\343}{chapter.4}% 14
\BOOKMARK [1][-]{section.4.3}{\376\377\227\136\237\120\153\041\225\356\230\230\166\204\154\102\211\343}{chapter.4}% 15
\BOOKMARK [0][-]{chapter.5}{\376\377\120\205\221\314\123\366\171\357\122\006\123\330\143\142}{}% 16
\BOOKMARK [1][-]{section.5.1}{\376\377\120\205\221\314\123\366\171\357\122\006\123\330\143\142\133\232\116\111\000*}{chapter.5}% 17
\BOOKMARK [1][-]{section.5.2}{\376\377\120\205\221\314\123\366\171\357\122\006\123\330\143\142\166\204\140\047\215\050}{chapter.5}% 18
\BOOKMARK [1][-]{section.5.3}{\376\377\120\205\221\314\123\366\171\357\122\006\123\330\143\142\127\050\154\102\211\343\120\117\137\256\122\006\145\271\172\013\122\035\120\074\225\356\230\230\116\055\166\204\136\224\165\050}{chapter.5}% 19
\BOOKMARK [0][-]{chapter.6}{\376\377\150\074\147\227\121\375\145\160\145\271\154\325}{}% 20
\BOOKMARK [1][-]{section.6.1}{\376\377\116\316\232\330\145\257\145\143\136\246\133\232\164\006\122\060\150\074\147\227\121\154\137\017}{chapter.6}% 21
\BOOKMARK [1][-]{section.6.2}{\376\377\150\074\147\227\121\375\145\160\123\312\121\166\140\047\215\050}{chapter.6}% 22
\BOOKMARK [1][-]{section.6.3}{\376\377\162\171\153\212\123\072\127\337\116\012\142\311\146\156\142\311\145\257\145\271\172\013\000D\000i\000r\000i\000c\000h\000l\000e\000t\217\271\120\074\225\356\230\230\166\204\154\102\211\343}{chapter.6}% 23
