\BOOKMARK [0][-]{chapter.1}{\376\377\176\352\213\272}{}% 1
\BOOKMARK [1][-]{section.1.1}{\376\377\213\376\172\013\121\205\133\271}{chapter.1}% 2
\BOOKMARK [1][-]{section.1.2}{\376\377\131\047\154\024\217\220\134\004\116\016\154\024\120\031\124\214\154\024\214\141}{chapter.1}% 3
\BOOKMARK [1][-]{section.1.3}{\376\377\131\047\154\024\217\220\134\004\116\016\220\145\141\037\166\204\121\163\174\373}{chapter.1}% 4
\BOOKMARK [0][-]{chapter.2}{\376\377\165\065\170\301\217\220\134\004\127\372\170\100}{}% 5
\BOOKMARK [1][-]{section.2.1}{\376\377\165\065\170\301\217\220\134\004}{chapter.2}% 6
\BOOKMARK [1][-]{section.2.2}{\376\377\165\065\170\301\154\342\214\061}{chapter.2}% 7
\BOOKMARK [1][-]{section.2.3}{\376\377\172\340\202\202\117\213\230\230}{chapter.2}% 8
\BOOKMARK [0][-]{chapter.3}{\376\377\127\372\147\054\217\220\134\004\162\151\164\006\221\317}{}% 9
\BOOKMARK [1][-]{section.3.1}{\376\377\217\220\134\004\220\032\221\317\133\306\136\246}{chapter.3}% 10
\BOOKMARK [1][-]{section.3.2}{\376\377\217\220\134\004\137\072\136\246}{chapter.3}% 11
\BOOKMARK [1][-]{section.3.3}{\376\377\116\044\200\005\116\113\225\364\166\204\200\124\174\373}{chapter.3}% 12
\BOOKMARK [1][-]{section.3.4}{\376\377\172\340\202\202\117\213\230\230}{chapter.3}% 13
\BOOKMARK [0][-]{chapter.4}{\376\377\236\321\117\123\217\220\134\004\133\232\137\213}{}% 14
\BOOKMARK [1][-]{section.4.1}{\376\377\236\321\117\123\217\220\134\004}{chapter.4}% 15
\BOOKMARK [1][-]{section.4.2}{\376\377\146\156\147\027\121\113\121\375\145\160}{chapter.4}% 16
\BOOKMARK [1][-]{section.4.3}{\376\377\176\364\140\151\117\115\171\373\133\232\137\213}{chapter.4}% 17
\BOOKMARK [1][-]{section.4.4}{\376\377\123\362\204\202\202\254\040\023\163\273\134\024\121\171\146\374\133\232\137\213}{chapter.4}% 18
\BOOKMARK [1][-]{section.4.5}{\376\377\127\372\134\024\227\015\131\053\133\232\137\213}{chapter.4}% 19
\BOOKMARK [1][-]{section.4.6}{\376\377\173\200\123\026\131\047\154\024\217\220\134\004\152\041\137\017}{chapter.4}% 20
\BOOKMARK [1][-]{section.4.7}{\376\377\131\034\225\364\217\220\134\004\121\267\123\164}{chapter.4}% 21
\BOOKMARK [1][-]{section.4.8}{\376\377\116\256\136\246\156\051\136\246}{chapter.4}% 22
\BOOKMARK [1][-]{section.4.9}{\376\377\172\340\202\202\117\213\230\230}{chapter.4}% 23
\BOOKMARK [0][-]{chapter.5}{\376\377\127\060\210\150\166\204\217\220\134\004\162\171\140\047}{}% 24
\BOOKMARK [1][-]{section.5.1}{\376\377\127\107\123\000\116\313\215\050\166\204\123\315\134\004\124\214\142\230\134\004}{chapter.5}% 25
\BOOKMARK [1][-]{section.5.2}{\376\377\201\352\161\066\127\060\210\150\166\204\217\220\134\004\162\171\140\047}{chapter.5}% 26
\BOOKMARK [1][-]{section.5.3}{\376\377\172\340\202\202\117\213\230\230}{chapter.5}% 27
\BOOKMARK [0][-]{chapter.6}{\376\377\131\047\154\024\166\204\217\220\134\004\162\171\140\047}{}% 28
\BOOKMARK [1][-]{section.6.1}{\376\377\155\210\121\111\060\001\145\143\134\004\124\214\124\070\145\066}{chapter.6}% 29
\BOOKMARK [1][-]{section.6.2}{\376\377\153\324\134\024\040\023\136\003\150\074\040\023\147\027\117\057\133\232\137\213}{chapter.6}% 30
\BOOKMARK [1][-]{section.6.3}{\376\377\127\060\127\372\211\302\155\113\131\052\226\063\217\220\134\004\137\072\136\246}{chapter.6}% 31
\BOOKMARK [1][-]{section.6.4}{\376\377\131\047\154\024\220\017\134\004\121\111\214\061}{chapter.6}% 32
\BOOKMARK [1][-]{section.6.5}{\376\377\116\221\134\102\166\204\121\111\133\146\123\232\136\246\124\214\220\017\217\307\163\207}{chapter.6}% 33
\BOOKMARK [0][-]{chapter.7}{\376\377\127\372\116\216\123\321\134\004\166\204\217\220\134\004\117\040\217\223\145\271\172\013}{}% 34
\BOOKMARK [1][-]{section.7.1}{\376\377\145\275\164\346\121\171\136\014\134\024\137\267\145\271\172\013}{chapter.7}% 35
\BOOKMARK [1][-]{section.7.2}{\376\377\136\163\227\142\136\163\210\114\131\047\154\024\217\220\134\004\117\040\217\223}{chapter.7}% 36
\BOOKMARK [1][-]{section.7.3}{\376\377\131\047\154\024\123\321\134\004\121\111\214\061}{chapter.7}% 37
\BOOKMARK [1][-]{section.7.4}{\376\377\172\340\202\202\117\213\230\230}{chapter.7}% 38
\BOOKMARK [0][-]{chapter.8}{\376\377\122\006\133\120\124\070\145\066\124\214\123\321\134\004}{}% 39
\BOOKMARK [1][-]{section.8.1}{\376\377\127\372\170\100\167\345\213\306}{chapter.8}% 40
\BOOKMARK [1][-]{section.8.2}{\376\377\217\154\122\250\215\303\217\301}{chapter.8}% 41
\BOOKMARK [1][-]{section.8.3}{\376\377\143\057\122\250\215\303\217\301}{chapter.8}% 42
\BOOKMARK [1][-]{section.8.4}{\376\377\214\061\176\277\134\125\133\275}{chapter.8}% 43
\BOOKMARK [1][-]{section.8.5}{\376\377\217\336\176\355\124\070\145\066}{chapter.8}% 44
\BOOKMARK [0][-]{chapter.9}{\376\377\127\372\116\216\145\143\134\004\166\204\217\220\134\004\117\040\217\223\145\271\172\013}{}% 45
\BOOKMARK [1][-]{section.9.1}{\376\377\217\220\134\004\117\040\217\223\145\271\172\013}{chapter.9}% 46
\BOOKMARK [1][-]{section.9.2}{\376\377\145\143\134\004\166\370\121\375\145\160}{chapter.9}% 47
\BOOKMARK [1][-]{section.9.3}{\376\377\123\125\153\041\145\143\134\004\166\204\154\102\211\343}{chapter.9}% 48
\BOOKMARK [1][-]{section.9.4}{\376\377\172\340\202\202\117\213\230\230}{chapter.9}% 49
\BOOKMARK [0][-]{chapter.10}{\376\377\174\222\133\120\123\125\153\041\145\143\134\004\124\214\124\070\145\066}{}% 50
\BOOKMARK [1][-]{section.10.1}{\376\377\131\047\154\024\174\222\133\120}{chapter.10}% 51
\BOOKMARK [1][-]{section.10.2}{\376\377\164\136\122\051\145\143\134\004}{chapter.10}% 52
\BOOKMARK [1][-]{section.10.3}{\376\377\174\163\154\017\145\143\134\004}{chapter.10}% 53
\BOOKMARK [1][-]{section.10.4}{\376\377\145\143\134\004\150\110\117\213\116\016\116\000\202\054\140\305\121\265}{chapter.10}% 54
\BOOKMARK [1][-]{section.10.5}{\376\377\174\222\133\120\214\061\122\006\136\003}{chapter.10}% 55
\BOOKMARK [0][-]{chapter.11}{\376\377\127\372\116\216\131\032\153\041\145\143\134\004\166\204\217\220\134\004\117\040\217\223\145\271\172\013}{}% 56
\BOOKMARK [1][-]{section.11.1}{\376\377\127\372\116\216\131\032\153\041\145\143\134\004\166\204\217\220\134\004\117\040\217\223}{chapter.11}% 57
\BOOKMARK [1][-]{section.11.2}{\376\377\116\214\155\101\217\321\117\074\211\343\166\204\143\250\133\374}{chapter.11}% 58
\BOOKMARK [1][-]{section.11.3}{\376\377\116\214\155\101\217\321\117\074\211\343\166\204\133\236\117\213}{chapter.11}% 59
\BOOKMARK [1][-]{section.11.4}{\376\377\175\057\122\240\145\271\154\325}{chapter.11}% 60
