\BOOKMARK [0][-]{chapter.1}{\376\377\176\352\213\272}{}% 1
\BOOKMARK [1][-]{section.1.1}{\376\377\127\372\147\054\211\201\175\040}{chapter.1}% 2
\BOOKMARK [1][-]{section.1.2}{\376\377\123\321\134\125\173\200\123\362}{chapter.1}% 3
\BOOKMARK [1][-]{section.1.3}{\376\377\154\024\214\141\211\302\155\113\172\331\122\006\174\173}{chapter.1}% 4
\BOOKMARK [1][-]{section.1.4}{\376\377\143\242\155\113\123\237\164\006\122\006\174\173}{chapter.1}% 5
\BOOKMARK [1][-]{section.1.5}{\376\377\116\011\140\047\211\201\154\102}{chapter.1}% 6
\BOOKMARK [0][-]{chapter.2}{\376\377\116\221\166\204\211\302\155\113}{}% 7
\BOOKMARK [1][-]{section.2.1}{\376\377\151\202\217\360}{chapter.2}% 8
\BOOKMARK [1][-]{section.2.2}{\376\377\116\221\162\266\166\204\122\006\174\173}{chapter.2}% 9
\BOOKMARK [1][-]{section.2.3}{\376\377\171\357\116\221\000\040\000C\000u}{chapter.2}% 10
\BOOKMARK [1][-]{section.2.4}{\376\377\171\357\226\350\116\221\000\040\000C\000b}{chapter.2}% 11
\BOOKMARK [1][-]{section.2.5}{\376\377\134\102\171\357\116\221\000\040\000S\000c}{chapter.2}% 12
\BOOKMARK [1][-]{section.2.6}{\376\377\134\102\116\221\000\040\000S\000t}{chapter.2}% 13
\BOOKMARK [1][-]{section.2.7}{\376\377\226\350\134\102\116\221\000\040\000N\000s}{chapter.2}% 14
\BOOKMARK [1][-]{section.2.8}{\376\377\232\330\134\102\116\221\000\040\000A\000s}{chapter.2}% 15
\BOOKMARK [1][-]{section.2.9}{\376\377\232\330\171\357\116\221\000\040\000A\000c}{chapter.2}% 16
\BOOKMARK [1][-]{section.2.10}{\376\377\123\167\116\221\000\040\000C\000i}{chapter.2}% 17
\BOOKMARK [1][-]{section.2.11}{\376\377\123\167\134\102\116\221\000\040\000C\000s}{chapter.2}% 18
\BOOKMARK [1][-]{section.2.12}{\376\377\123\167\171\357\116\221\000C\000c}{chapter.2}% 19
\BOOKMARK [1][-]{section.2.13}{\376\377\116\221\166\204\137\142\142\020\147\072\164\006}{chapter.2}% 20
\BOOKMARK [1][-]{section.2.14}{\376\377\116\221\221\317\211\302\155\113}{chapter.2}% 21
\BOOKMARK [1][-]{section.2.15}{\376\377\116\221\232\330\211\302\155\113}{chapter.2}% 22
\BOOKMARK [0][-]{chapter.3}{\376\377\200\375\211\301\136\246}{}% 23
\BOOKMARK [1][-]{section.3.1}{\376\377\200\375\211\301\136\246\116\016\154\024\214\141\121\111\133\146\211\306\172\013}{chapter.3}% 24
\BOOKMARK [1][-]{section.3.2}{\376\377\200\375\211\301\136\246\166\204\116\272\135\345\211\302\133\337}{chapter.3}% 25
\BOOKMARK [1][-]{section.3.3}{\376\377\126\150\155\113\123\237\164\006}{chapter.3}% 26
\BOOKMARK [0][-]{chapter.4}{\376\377\131\051\154\024\163\260\214\141}{}% 27
\BOOKMARK [1][-]{section.4.1}{\376\377\124\004\174\173\131\051\154\024\163\260\214\141\162\171\137\201}{chapter.4}% 28
\BOOKMARK [1][-]{section.4.2}{\376\377\131\051\154\024\163\260\214\141\166\204\126\150\155\113}{chapter.4}% 29
\BOOKMARK [0][-]{chapter.5}{\376\377\156\051\136\246\155\113\221\317}{}% 30
\BOOKMARK [1][-]{section.5.1}{\376\377\151\202\217\360}{chapter.5}% 31
\BOOKMARK [1][-]{section.5.2}{\376\377\163\273\164\203\155\262\117\123\156\051\136\246\213\241}{chapter.5}% 32
\BOOKMARK [1][-]{section.5.3}{\376\377\165\065\133\146\156\051\136\246\117\040\141\037\126\150}{chapter.5}% 33
\BOOKMARK [1][-]{section.5.4}{\376\377\160\355\156\336\145\110\136\224}{chapter.5}% 34
\BOOKMARK [1][-]{section.5.5}{\376\377\156\051\136\246\155\113\221\317\166\204\226\062\217\220\134\004}{chapter.5}% 35
\BOOKMARK [0][-]{chapter.6}{\376\377\172\172\154\024\156\177\136\246\166\204\155\113\221\317}{}% 36
\BOOKMARK [1][-]{section.6.1}{\376\377\156\177\136\246\166\204\123\302\145\160\123\312\121\166\211\302\155\113}{chapter.6}% 37
\BOOKMARK [1][-]{section.6.2}{\376\377\136\162\156\177\164\003\156\051\136\246\210\150}{chapter.6}% 38
\BOOKMARK [1][-]{section.6.3}{\376\377\153\333\123\321\156\177\136\246\210\150}{chapter.6}% 39
\BOOKMARK [1][-]{section.6.4}{\376\377\121\267\225\134\137\017\227\062\160\271\116\352}{chapter.6}% 40
\BOOKMARK [1][-]{section.6.5}{\376\377\165\065\133\146\156\177\136\246\117\040\141\037\126\150}{chapter.6}% 41
\BOOKMARK [1][-]{section.6.6}{\376\377\121\111\133\146\156\177\136\246\117\040\141\037\126\150}{chapter.6}% 42
\BOOKMARK [0][-]{chapter.7}{\376\377\154\024\123\213}{}% 43
\BOOKMARK [1][-]{section.7.1}{\376\377\151\202\217\360}{chapter.7}% 44
\BOOKMARK [1][-]{section.7.2}{\376\377\154\064\224\366\154\024\123\213\210\150}{chapter.7}% 45
\BOOKMARK [1][-]{section.7.3}{\376\377\147\054\172\331\154\024\123\213\213\242\153\143}{chapter.7}% 46
\BOOKMARK [1][-]{section.7.4}{\376\377\136\070\211\301\166\204\154\024\123\213\117\040\141\037\126\150}{chapter.7}% 47
\BOOKMARK [1][-]{section.7.5}{\376\377\154\024\123\213\166\204\155\167\136\163\227\142\213\242\153\143}{chapter.7}% 48
\BOOKMARK [0][-]{chapter.8}{\376\377\127\060\227\142\230\316\166\204\211\302\155\113}{}% 49
\BOOKMARK [1][-]{section.8.1}{\376\377\151\202\217\360}{chapter.8}% 50
\BOOKMARK [1][-]{section.8.2}{\376\377\230\316\124\021}{chapter.8}% 51
\BOOKMARK [1][-]{section.8.3}{\376\377\145\313\217\154\137\017\230\316\220\037\116\352}{chapter.8}% 52
\BOOKMARK [1][-]{section.8.4}{\376\377\160\355\176\277\137\017\230\316\220\037\116\352\124\214\215\205\130\360\230\316\220\037\116\352}{chapter.8}% 53
\BOOKMARK [1][-]{section.8.5}{\376\377\127\060\227\142\230\316\166\204\162\171\137\201\116\016\136\224\165\050}{chapter.8}% 54
\BOOKMARK [0][-]{chapter.9}{\376\377\217\220\134\004\123\312\145\345\161\147\145\366\145\160\166\204\211\302\155\113}{}% 55
\BOOKMARK [1][-]{section.9.1}{\376\377\127\372\170\100\167\345\213\306}{chapter.9}% 56
\BOOKMARK [1][-]{section.9.2}{\376\377\217\220\134\004\166\204\211\302\155\113\116\352\126\150\123\312\123\237\164\006}{chapter.9}% 57
\BOOKMARK [1][-]{section.9.3}{\376\377\145\345\161\147\145\366\145\160\166\204\211\302\155\113}{chapter.9}% 58
\BOOKMARK [1][-]{section.9.4}{\376\377\121\111\165\065\137\017\145\345\161\147\117\040\141\037\126\150}{chapter.9}% 59
\BOOKMARK [0][-]{chapter.10}{\376\377\171\357\226\352\060\001\121\273\127\037\116\016\165\065\176\277\171\357\121\260}{}% 60
\BOOKMARK [1][-]{section.10.1}{\376\377\116\011\116\052\123\302\221\317}{chapter.10}% 61
\BOOKMARK [1][-]{section.10.2}{\376\377\171\357\226\352\211\302\133\337}{chapter.10}% 62
\BOOKMARK [1][-]{section.10.3}{\376\377\121\273\127\037}{chapter.10}% 63
\BOOKMARK [1][-]{section.10.4}{\376\377\165\065\176\277\171\357\121\260}{chapter.10}% 64
\BOOKMARK [0][-]{chapter.11}{\376\377\226\115\154\064\124\214\204\270\123\321}{}% 65
\BOOKMARK [1][-]{section.11.1}{\376\377\127\372\147\054\167\345\213\306}{chapter.11}% 66
\BOOKMARK [1][-]{section.11.2}{\376\377\226\115\154\064\211\302\155\113}{chapter.11}% 67
\BOOKMARK [1][-]{section.11.3}{\376\377\204\270\123\321\211\302\155\113}{chapter.11}% 68
\BOOKMARK [0][-]{chapter.12}{\376\377\232\330\172\172\143\242\155\113}{}% 69
\BOOKMARK [1][-]{section.12.1}{\376\377\143\242\172\172\154\024\164\003\116\016\145\340\176\277\165\065\143\242\172\172\116\352}{chapter.12}% 70
\BOOKMARK [1][-]{section.12.2}{\376\377\232\330\172\172\156\051\123\213\156\177\211\302\155\113}{chapter.12}% 71
\BOOKMARK [1][-]{section.12.3}{\376\377\232\330\172\172\230\316\211\302\155\113}{chapter.12}% 72
\BOOKMARK [1][-]{section.12.4}{\376\377\232\330\172\172\230\316\220\037\230\316\124\021\213\241\173\227}{chapter.12}% 73
\BOOKMARK [0][-]{chapter.13}{\376\377\226\367\217\276\154\024\214\141\127\372\170\100}{}% 74
\BOOKMARK [1][-]{section.13.1}{\376\377\226\367\217\276\127\372\170\100\167\345\213\306}{chapter.13}% 75
\BOOKMARK [1][-]{section.13.2}{\376\377\117\040\176\337\131\051\154\024\226\367\217\276}{chapter.13}% 76
\BOOKMARK [1][-]{section.13.3}{\376\377\131\032\146\156\122\322\123\314\120\117\143\057\131\051\154\024\226\367\217\276}{chapter.13}% 77
\BOOKMARK [1][-]{section.13.4}{\376\377\226\367\217\276\126\336\154\342\126\376\211\343\213\373}{chapter.13}% 78
\BOOKMARK [0][-]{chapter.14}{\376\377\230\316\136\323\176\277\226\367\217\276}{}% 79
\BOOKMARK [1][-]{section.14.1}{\376\377\230\316\136\323\176\277\226\367\217\276\174\373\176\337}{chapter.14}% 80
\BOOKMARK [1][-]{section.14.2}{\376\377\143\242\155\113\123\237\164\006}{chapter.14}% 81
\BOOKMARK [1][-]{section.14.3}{\376\377\122\006\174\173\116\016\136\224\165\050}{chapter.14}% 82
\BOOKMARK [0][-]{chapter.15}{\376\377\157\300\121\111\226\367\217\276}{}% 83
\BOOKMARK [1][-]{section.15.1}{\376\377\135\345\117\134\123\237\164\006}{chapter.15}% 84
\BOOKMARK [1][-]{section.15.2}{\376\377\157\300\121\111\226\367\217\276\145\271\172\013}{chapter.15}% 85
\BOOKMARK [1][-]{section.15.3}{\376\377\154\102\211\343\145\271\154\325}{chapter.15}% 86
\BOOKMARK [1][-]{section.15.4}{\376\377\136\224\165\050}{chapter.15}% 87
\BOOKMARK [1][-]{section.15.5}{\376\377\226\367\217\276\171\315\174\173}{chapter.15}% 88
\BOOKMARK [0][-]{chapter.16}{\376\377\123\153\146\037\143\242\155\113}{}% 89
\BOOKMARK [1][-]{section.16.1}{\376\377\123\153\146\037\220\145\141\037\127\372\147\054\151\202\137\365}{chapter.16}% 90
\BOOKMARK [1][-]{section.16.2}{\376\377\123\153\146\037\217\150\220\123\123\312\220\145\141\037\116\352\126\150}{chapter.16}% 91
\BOOKMARK [1][-]{section.16.3}{\376\377\154\024\214\141\123\153\146\037\116\221\126\376\122\006\147\220}{chapter.16}% 92
