\BOOKMARK [0][-]{chapter.1}{\376\377\176\352\213\272}{}% 1
\BOOKMARK [1][-]{section.1.1}{\376\377\127\060\227\142\154\024\214\141\211\302\155\113\116\032\122\241}{chapter.1}% 2
\BOOKMARK [1][-]{section.1.2}{\376\377\211\302\155\113\127\072}{chapter.1}% 3
\BOOKMARK [1][-]{section.1.3}{\376\377\127\060\227\142\154\024\214\141\211\302\155\113\174\373\176\337}{chapter.1}% 4
\BOOKMARK [0][-]{chapter.2}{\376\377\154\024\214\141\211\201\175\040\211\302\155\113}{}% 5
\BOOKMARK [1][-]{section.2.1}{\376\377\116\272\135\345\211\302\155\113\000-\116\221}{chapter.2}% 6
\BOOKMARK [1][-]{section.2.2}{\376\377\116\272\135\345\211\302\133\337\000-\200\375\211\301\136\246}{chapter.2}% 7
\BOOKMARK [1][-]{section.2.3}{\376\377\131\051\154\024\163\260\214\141\166\204\211\302\155\113}{chapter.2}% 8
\BOOKMARK [1][-]{section.2.4}{\376\377\154\024\123\213\211\302\155\113}{chapter.2}% 9
\BOOKMARK [1][-]{section.2.5}{\376\377\156\051\136\246}{chapter.2}% 10
\BOOKMARK [1][-]{section.2.6}{\376\377\230\316}{chapter.2}% 11
\BOOKMARK [1][-]{section.2.7}{\376\377\226\115\154\064}{chapter.2}% 12
\BOOKMARK [1][-]{section.2.8}{\376\377\145\345\161\147\211\302\155\113}{chapter.2}% 13
\BOOKMARK [1][-]{section.2.9}{\376\377\204\270\123\321\211\302\155\113}{chapter.2}% 14
\BOOKMARK [0][-]{chapter.3}{\376\377\156\177\136\246\213\241\173\227\124\214\155\167\136\163\227\142\154\024\123\213\143\142\173\227\145\271\154\325}{}% 15
\BOOKMARK [1][-]{section.3.1}{\376\377\147\054\172\331\154\024\123\213\143\142\173\227}{chapter.3}% 16
\BOOKMARK [1][-]{section.3.2}{\376\377\155\167\136\163\227\142\154\024\123\213\143\142\173\227}{chapter.3}% 17
\BOOKMARK [1][-]{section.3.3}{\376\377\156\177\136\246\213\241\173\227}{chapter.3}% 18
\BOOKMARK [0][-]{chapter.4}{\376\377\131\051\154\024\163\260\214\141\165\065\170\001}{}% 19
\BOOKMARK [1][-]{section.4.1}{\376\377\165\065\170\001\150\074\137\017}{chapter.4}% 20
\BOOKMARK [1][-]{section.4.2}{\376\377\131\051\154\024\163\260\214\141\177\026\170\001}{chapter.4}% 21
\BOOKMARK [1][-]{section.4.3}{\376\377\131\051\154\024\163\260\214\141\165\065\170\001\210\150}{chapter.4}% 22
\BOOKMARK [1][-]{section.4.4}{\376\377\000w\000w\177\026\170\001\123\237\122\031}{chapter.4}% 23
\BOOKMARK [1][-]{section.4.5}{\376\377\000W\0001\000W\0002\177\026\170\001\123\237\122\031}{chapter.4}% 24
\BOOKMARK [1][-]{section.4.6}{\376\377\221\315\211\201\142\245\121\205\133\271}{chapter.4}% 25
\BOOKMARK [0][-]{chapter.5}{\376\377\201\352\122\250\154\024\214\141\172\331\133\211\210\305}{}% 26
\BOOKMARK [1][-]{section.5.1}{\376\377\156\051\156\177\136\246\117\040\141\037\126\150}{chapter.5}% 27
\BOOKMARK [1][-]{section.5.2}{\376\377\230\316\124\021\230\316\220\037\117\040\141\037\126\150}{chapter.5}% 28
\BOOKMARK [1][-]{section.5.3}{\376\377\177\373\145\227\226\350\221\317\213\241}{chapter.5}% 29
\BOOKMARK [0][-]{chapter.6}{\376\377\116\352\126\150\176\364\142\244}{}% 30
\BOOKMARK [1][-]{section.6.1}{\376\377\157\300\121\111\116\221\232\330\116\352}{chapter.6}% 31
