\BOOKMARK [0][-]{chapter.1}{\376\377\176\352\213\272}{}% 1
\BOOKMARK [1][-]{section.1.1}{\376\377\213\376\172\013\173\200\116\313}{chapter.1}% 2
\BOOKMARK [1][-]{section.1.2}{\376\377\127\372\170\100\167\345\213\306}{chapter.1}% 3
\BOOKMARK [0][-]{chapter.2}{\376\377\131\047\154\024\142\020\122\006\124\214\143\222\145\076\156\220}{}% 4
\BOOKMARK [1][-]{section.2.1}{\376\377\131\047\154\024\154\141\147\323\162\151\166\204\116\073\211\201\147\145\156\220}{chapter.2}% 5
\BOOKMARK [1][-]{section.2.2}{\376\377\131\047\154\024\154\141\147\323\162\151\166\204\154\107\147\072\122\066}{chapter.2}% 6
\BOOKMARK [1][-]{section.2.3}{\376\377\131\047\154\024\165\325\221\317\176\304\122\006\123\312\122\006\174\173}{chapter.2}% 7
\BOOKMARK [1][-]{section.2.4}{\376\377\156\051\133\244\154\024\117\123\123\312\156\051\133\244\145\110\136\224}{chapter.2}% 8
\BOOKMARK [1][-]{section.2.5}{\376\377\143\001\116\105\140\047\147\011\147\072\154\141\147\323\162\151}{chapter.2}% 9
\BOOKMARK [1][-]{section.2.6}{\376\377\172\340\202\202\117\213\230\230}{chapter.2}% 10
\BOOKMARK [0][-]{chapter.3}{\376\377\131\047\154\024\123\026\133\146\123\315\136\224\122\250\122\233\133\146\127\372\170\100}{}% 11
\BOOKMARK [1][-]{section.3.1}{\376\377\123\026\133\146\123\315\136\224\122\250\122\233\133\146\127\372\147\054\123\237\164\006}{chapter.3}% 12
\BOOKMARK [1][-]{section.3.2}{\376\377\131\047\154\024\121\111\123\026\133\146\123\315\136\224\127\372\170\100}{chapter.3}% 13
\BOOKMARK [1][-]{section.3.3}{\376\377\172\340\202\202\117\213\230\230}{chapter.3}% 14
\BOOKMARK [0][-]{chapter.4}{\376\377\133\371\155\101\134\102\201\355\154\047\123\026\133\146}{}% 15
\BOOKMARK [1][-]{section.4.1}{\376\377\217\321\127\060\227\142\201\355\154\047\154\141\147\323\163\260\162\266\123\312\162\171\137\201}{chapter.4}% 16
\BOOKMARK [1][-]{section.4.2}{\376\377\217\321\127\060\227\142\201\355\154\047\165\037\142\020\166\204\173\200\123\026\147\072\122\066}{chapter.4}% 17
\BOOKMARK [1][-]{section.4.3}{\376\377\201\355\154\047\165\037\142\020\116\016\154\056\154\047\123\026\162\151\124\214\000V\000O\000C\000s\166\204\227\136\176\277\140\047\121\163\174\373}{chapter.4}% 18
\BOOKMARK [1][-]{section.4.4}{\376\377\201\352\165\061\127\372\116\016\154\056\154\047\123\026\162\151\145\066\145\057\116\016\137\252\163\257}{chapter.4}% 19
\BOOKMARK [1][-]{section.4.5}{\376\377\201\355\154\047\154\141\147\323\166\204\143\247\122\066\133\371\173\126}{chapter.4}% 20
\BOOKMARK [1][-]{section.4.6}{\376\377\131\047\154\024\143\045\123\321\140\047\147\011\147\072\162\151\123\315\136\224\155\073\140\047}{chapter.4}% 21
\BOOKMARK [0][-]{chapter.5}{\376\377\154\024\156\266\200\366\123\026\133\146}{}% 22
\BOOKMARK [1][-]{section.5.1}{\376\377\154\024\156\266\200\366\127\372\147\054\151\202\137\365}{chapter.5}% 23
\BOOKMARK [1][-]{section.5.2}{\376\377\174\222\137\204}{chapter.5}% 24
\BOOKMARK [1][-]{section.5.3}{\376\377\174\222\137\204\122\006\136\003}{chapter.5}% 25
\BOOKMARK [1][-]{section.5.4}{\376\377\154\024\156\266\200\366\174\222\133\120\123\026\133\146\176\304\142\020}{chapter.5}% 26
\BOOKMARK [0][-]{chapter.6}{\376\377\123\026\133\146\162\151\164\006\154\211\226\115}{}% 27
\BOOKMARK [1][-]{section.6.1}{\376\377\123\026\133\146\162\151\164\006\154\211\226\115\217\307\172\013}{chapter.6}% 28
\BOOKMARK [1][-]{section.6.2}{\376\377\221\170\226\350\166\204\170\024\172\166\151\202\121\265}{chapter.6}% 29
\BOOKMARK [1][-]{section.6.3}{\376\377\226\115\154\064\124\214\155\262\156\364\123\026\133\146\162\171\137\201}{chapter.6}% 30
\BOOKMARK [1][-]{section.6.4}{\376\377\226\115\154\064\166\204\221\170\123\026\217\307\172\013}{chapter.6}% 31
\BOOKMARK [1][-]{section.6.5}{\376\377\221\170\226\350\137\142\142\020\147\072\164\006}{chapter.6}% 32
\BOOKMARK [0][-]{chapter.7}{\376\377\154\024\156\266\200\366\121\111\133\146\162\171\140\047\123\312\121\166\131\051\154\024\154\024\120\031\145\110\136\224}{}% 33
\BOOKMARK [1][-]{section.7.1}{\376\377\154\024\156\266\200\366\121\111\133\146\162\171\140\047}{chapter.7}% 34
\BOOKMARK [1][-]{section.7.2}{\376\377\154\024\156\266\200\366\217\220\134\004\137\072\217\353}{chapter.7}% 35
\BOOKMARK [1][-]{section.7.3}{\376\377\154\024\156\266\200\366\133\371\131\051\154\024\154\024\120\031\166\204\137\161\124\315}{chapter.7}% 36
\BOOKMARK [1][-]{section.7.4}{\376\377\131\047\154\024\154\141\147\323\116\016\131\051\154\024\166\370\116\222\117\134\165\050}{chapter.7}% 37
\BOOKMARK [1][-]{section.7.5}{\376\377\131\047\154\024\154\141\147\323\116\016\154\024\120\031\166\370\116\222\117\134\165\050}{chapter.7}% 38
\BOOKMARK [1][-]{section.7.6}{\376\377\172\340\202\202\117\213\230\230}{chapter.7}% 39
\BOOKMARK [0][-]{chapter.8}{\376\377\136\163\155\101\134\102\123\026\133\146}{}% 40
\BOOKMARK [1][-]{section.8.1}{\376\377\201\355\154\047\134\102}{chapter.8}% 41
\BOOKMARK [1][-]{section.8.2}{\376\377\136\163\155\101\134\102\166\204\127\372\147\054\123\026\133\146\217\307\172\013}{chapter.8}% 42
\BOOKMARK [1][-]{section.8.3}{\376\377\123\127\147\201\201\355\154\047\155\036\123\312\121\166\227\136\127\107\166\370\123\315\136\224}{chapter.8}% 43
\BOOKMARK [1][-]{section.8.4}{\376\377\123\027\176\254\124\214\116\055\176\254\136\246\127\060\123\072\166\204\136\163\155\101\134\102\123\026\133\146}{chapter.8}% 44
\BOOKMARK [1][-]{section.8.5}{\376\377\221\315\211\201\156\220\154\024\117\123\123\330\123\026\133\371\136\163\155\101\134\102\201\355\154\047\166\204\137\161\124\315}{chapter.8}% 45
\BOOKMARK [1][-]{section.8.6}{\376\377\201\355\154\047\134\102\123\330\123\026\166\204\230\204\155\113}{chapter.8}% 46
\BOOKMARK [0][-]{chapter.9}{\376\377\131\047\154\024\142\020\122\006\166\204\166\321\155\113\145\271\154\325\124\214\142\200\147\057}{}% 47
\BOOKMARK [1][-]{section.9.1}{\376\377\131\047\154\024\166\321\155\113\166\204\127\372\147\054\151\202\137\365}{chapter.9}% 48
\BOOKMARK [1][-]{section.9.2}{\376\377\131\047\154\024\166\321\155\113\123\237\164\006}{chapter.9}% 49
\BOOKMARK [1][-]{section.9.3}{\376\377\116\073\211\201\154\141\147\323\154\024\117\123\166\321\155\113\145\271\154\325}{chapter.9}% 50
\BOOKMARK [1][-]{section.9.4}{\376\377\000V\000O\000C\000s\116\016\230\227\174\222\162\151\166\321\155\113\142\200\147\057}{chapter.9}% 51
\BOOKMARK [0][-]{chapter.10}{\376\377\145\160\120\074\152\041\137\017}{}% 52
\BOOKMARK [1][-]{section.10.1}{\376\377\152\041\137\017\123\312\121\166\127\372\147\054\145\271\172\013}{chapter.10}% 53
\BOOKMARK [1][-]{section.10.2}{\376\377\116\073\211\201\131\047\154\024\123\026\133\146\117\040\217\223\152\041\137\017}{chapter.10}% 54
\BOOKMARK [1][-]{section.10.3}{\376\377\152\041\137\017\166\204\213\304\116\367\116\016\136\224\165\050}{chapter.10}% 55
