\BOOKMARK [0][-]{chapter.1}{\376\377\145\160\143\156\127\372\147\054\174\173\127\213}{}% 1
\BOOKMARK [1][-]{section.1.1}{\376\377\145\160\133\127\174\173\127\213}{chapter.1}% 2
\BOOKMARK [1][-]{section.1.2}{\376\377\217\320\173\227\173\046}{chapter.1}% 3
\BOOKMARK [1][-]{section.1.3}{\376\377\136\070\211\301\121\205\177\156\121\375\145\160}{chapter.1}% 4
\BOOKMARK [0][-]{chapter.2}{\376\377\133\127\173\046\116\062\116\016\122\027\210\150}{}% 5
\BOOKMARK [1][-]{section.2.1}{\376\377\133\127\173\046\116\062}{chapter.2}% 6
\BOOKMARK [1][-]{section.2.2}{\376\377\133\127\173\046\116\062\127\372\147\054\144\315\117\134}{chapter.2}% 7
\BOOKMARK [1][-]{section.2.3}{\376\377\122\027\210\150\123\312\121\166\127\372\147\054\144\315\117\134}{chapter.2}% 8
\BOOKMARK [0][-]{chapter.3}{\376\377\172\013\136\217\166\204\143\247\122\066\176\323\147\204}{}% 9
\BOOKMARK [1][-]{section.3.1}{\376\377\122\006\145\057\176\323\147\204}{chapter.3}% 10
\BOOKMARK [1][-]{section.3.2}{\376\377\137\002\136\070\131\004\164\006}{chapter.3}% 11
\BOOKMARK [1][-]{section.3.3}{\376\377\137\252\163\257\176\323\147\204}{chapter.3}% 12
\BOOKMARK [0][-]{chapter.4}{\376\377\121\103\176\304\000\040\226\306\124\010\000\040\133\127\121\170}{}% 13
\BOOKMARK [1][-]{section.4.1}{\376\377\121\103\176\304\000\040\000t\000u\000p\000l\000e\000\040\000\050\000\040\000\051}{chapter.4}% 14
\BOOKMARK [1][-]{section.4.2}{\376\377\226\306\124\010\000\040\000s\000e\000t\000\050\000\040\000\051}{chapter.4}% 15
\BOOKMARK [1][-]{section.4.3}{\376\377\133\127\121\170\000\040\000\173\000\040\000\175}{chapter.4}% 16
\BOOKMARK [0][-]{chapter.5}{\376\377\121\375\145\160}{}% 17
\BOOKMARK [1][-]{section.5.1}{\376\377\121\375\145\160\000\040\000F\000u\000n\000c\000t\000i\000o\000n}{chapter.5}% 18
\BOOKMARK [1][-]{section.5.2}{\376\377\123\330\221\317\117\134\165\050\127\337}{chapter.5}% 19
\BOOKMARK [0][-]{chapter.6}{\376\377\145\207\116\366\124\214\145\160\143\156\136\223}{}% 20
\BOOKMARK [1][-]{section.6.1}{\376\377\145\207\116\366\151\202\217\360}{chapter.6}% 21
\BOOKMARK [1][-]{section.6.2}{\376\377\145\207\116\366\144\315\117\134}{chapter.6}% 22
\BOOKMARK [0][-]{chapter.7}{\376\377\227\142\124\021\133\371\214\141\172\013\136\217\213\276\213\241}{}% 23
\BOOKMARK [1][-]{section.7.1}{\376\377\174\173\000\040\000C\000l\000a\000s\000s}{chapter.7}% 24
\BOOKMARK [1][-]{section.7.2}{\376\377\133\371\214\141\000\040\000O\000b\000j\000e\000c\000t}{chapter.7}% 25
\BOOKMARK [1][-]{section.7.3}{\376\377\134\136\140\047\124\214\145\271\154\325}{chapter.7}% 26
\BOOKMARK [1][-]{section.7.4}{\376\377\134\001\210\305\116\016\213\277\225\356\143\247\122\066}{chapter.7}% 27
\BOOKMARK [1][-]{section.7.5}{\376\377\176\347\142\177\124\214\131\032\140\001}{chapter.7}% 28
\BOOKMARK [0][-]{chapter.8}{\376\377\152\041\127\127\124\214\123\005}{}% 29
\BOOKMARK [1][-]{section.8.1}{\376\377\152\041\127\127\000\040\000m\000o\000d\000u\000l\000e\000s}{chapter.8}% 30
\BOOKMARK [1][-]{section.8.2}{\376\377\123\005\000\040\000p\000a\000c\000k\000a\000g\000e}{chapter.8}% 31
\BOOKMARK [1][-]{section.8.3}{\376\377\136\070\165\050\121\205\177\156\152\041\127\127}{chapter.8}% 32
\BOOKMARK [1][-]{section.8.4}{\376\377\000m\000a\000t\000h\152\041\127\127}{chapter.8}% 33
\BOOKMARK [1][-]{section.8.5}{\376\377\000r\000a\000n\000d\000o\000m\152\041\127\127}{chapter.8}% 34
\BOOKMARK [1][-]{section.8.6}{\376\377\000d\000a\000t\000e\000t\000i\000m\000e\152\041\127\127}{chapter.8}% 35
\BOOKMARK [1][-]{section.8.7}{\376\377\000t\000i\000m\000e\000\040\152\041\127\127}{chapter.8}% 36
